2023-01-26 16:11:31 [-][-][-][error][yii\console\UnknownCommandException] yii\base\InvalidRouteException: Unable to resolve the request "mirgtion". in C:\OSPanel\domains\localhost\vendor\yiisoft\yii2\base\Module.php:561
Stack trace:
#0 C:\OSPanel\domains\localhost\vendor\yiisoft\yii2\console\Application.php(180): yii\base\Module->runAction()
#1 C:\OSPanel\domains\localhost\vendor\yiisoft\yii2\console\Application.php(147): yii\console\Application->runAction()
#2 C:\OSPanel\domains\localhost\vendor\yiisoft\yii2\base\Application.php(384): yii\console\Application->handleRequest()
#3 C:\OSPanel\domains\localhost\yii(20): yii\base\Application->run()
#4 {main}

Next yii\console\UnknownCommandException: Unknown command "mirgtion". in C:\OSPanel\domains\localhost\vendor\yiisoft\yii2\console\Application.php:183
Stack trace:
#0 C:\OSPanel\domains\localhost\vendor\yiisoft\yii2\console\Application.php(147): yii\console\Application->runAction()
#1 C:\OSPanel\domains\localhost\vendor\yiisoft\yii2\base\Application.php(384): yii\console\Application->handleRequest()
#2 C:\OSPanel\domains\localhost\yii(20): yii\base\Application->run()
#3 {main}
2023-01-26 16:11:31 [-][-][-][info][application] $_GET = []

$_POST = []

$_FILES = []

$_COOKIE = []

$_SERVER = [
    'ALLUSERSPROFILE' => 'C:\\ProgramData'
    'ANSICON' => '121x32766 (121x28)'
    'ANSICON_DEF' => '7'
    'APPDATA' => 'C:\\Users\\User\\AppData\\Roaming'
    'CommonProgramFiles' => 'C:\\Program Files\\Common Files'
    'CommonProgramFiles(x86)' => 'C:\\Program Files (x86)\\Common Files'
    'CommonProgramW6432' => 'C:\\Program Files\\Common Files'
    'COMPOSER_CACHE_DIR' => 'c:\\ospanel\\modules\\php\\PHP_8.1\\..\\..\\..\\userdata\\composer\\cache'
    'COMPOSER_CAFILE' => 'c:\\ospanel\\modules\\php\\PHP_8.1\\..\\..\\..\\userdata\\config\\cacert.pem'
    'COMPOSER_HOME' => 'c:\\ospanel\\modules\\php\\PHP_8.1\\..\\..\\..\\userdata\\composer'
    'COMPUTERNAME' => 'DESKTOP-ISNE5O8'
    'ComSpec' => 'C:\\Windows\\system32\\cmd.exe'
    'ConEmuANSI' => 'ON'
    'ConEmuAnsiLog' => ''
    'ConEmuArgs' => '/Single'
    'ConEmuArgs2' => ''
    'ConEmuBackHWND' => '0x001804B2'
    'ConEmuBaseDir' => 'C:\\ospanel\\modules\\conemu\\ConEmu'
    'ConEmuBaseDirShort' => 'C:\\OSPanel\\modules\\conemu\\ConEmu'
    'ConEmuBuild' => '220807'
    'ConEmuCfgDir' => 'C:\\ospanel\\modules\\conemu'
    'ConEmuConfig' => ''
    'ConEmuDir' => 'C:\\ospanel\\modules\\conemu'
    'ConEmuDrawHWND' => '0x000A04E2'
    'ConEmuDrive' => 'C:'
    'ConEmuHooks' => 'Enabled'
    'ConEmuHWND' => '0x000C03B6'
    'ConEmuPalette' => '<ConEmu>'
    'ConEmuPID' => '8148'
    'ConEmuServerPID' => '7980'
    'ConEmuTask' => '{Shells::cmd}'
    'ConEmuWorkDir' => 'c:\\ospanel'
    'ConEmuWorkDrive' => 'c:'
    'FPS_BROWSER_APP_PROFILE_STRING' => 'Internet Explorer'
    'FPS_BROWSER_USER_PROFILE_STRING' => 'Default'
    'HOME' => 'c:\\ospanel'
    'HOMEDRIVE' => 'c:'
    'HOMEPATH' => '\\ospanel'
    'LOCALAPPDATA' => 'C:\\Users\\User\\AppData\\Local'
    'LOGONSERVER' => '\\\\DESKTOP-ISNE5O8'
    'NUMBER_OF_PROCESSORS' => '4'
    'OneDrive' => 'C:\\Users\\User\\OneDrive'
    'OPENSSL_CONF' => 'c:\\ospanel\\modules\\http\\Apache_2.4-PHP_8.0-8.1+Nginx_1.23\\conf\\openssl.cnf'
    'OS' => 'Windows_NT'
    'Path' => 'C:\\ospanel\\modules\\conemu;C:\\ospanel\\modules\\conemu\\ConEmu;c:\\ospanel\\modules\\php\\PHP_8.1\\ext;c:\\ospanel\\modules\\php\\PHP_8.1\\pear;c:\\ospanel\\modules\\php\\PHP_8.1\\pear\\bin;c:\\ospanel\\modules\\php\\PHP_8.1;c:\\ospanel\\modules\\wget\\bin;c:\\ospanel\\modules\\database\\MySQL-5.7-Win10\\bin;c:\\ospanel\\modules\\http\\Apache_2.4-PHP_8.0-8.1+Nginx_1.23\\bin;c:\\ospanel\\modules\\http\\Apache_2.4-PHP_8.0-8.1+Nginx_1.23;C:\\Windows\\system32;C:\\Windows;C:\\Windows\\system32\\Wbem;C:\\Windows\\SysWOW64'
    'PATHEXT' => '.COM;.EXE;.BAT;.CMD;.VBS;.VBE;.JS;.JSE;.WSF;.WSH;.MSC'
    'PHPBIN' => 'c:\\ospanel\\modules\\php\\PHP_8.1\\php.exe'
    'PHPDIR' => 'c:\\ospanel\\modules\\php\\PHP_8.1\\'
    'PHPRC' => 'c:\\ospanel\\modules\\php\\PHP_8.1'
    'PHP_BIN' => 'c:\\ospanel\\modules\\php\\PHP_8.1\\php.exe'
    'PHP_BINARY' => 'c:\\ospanel\\modules\\php\\PHP_8.1\\php.exe'
    'PHP_BINDIR' => 'c:\\ospanel\\modules\\php\\PHP_8.1\\'
    'PHP_COMMAND' => 'php.exe'
    'PHP_DIR' => 'c:\\ospanel\\modules\\php\\PHP_8.1\\'
    'PHP_INI' => 'c:\\ospanel\\modules\\php\\PHP_8.1\\php.ini'
    'PHP_PEAR_BIN_DIR' => 'c:\\ospanel\\modules\\php\\PHP_8.1\\PEAR'
    'PHP_PEAR_DATA_DIR' => 'c:\\ospanel\\modules\\php\\PHP_8.1\\PEAR\\data'
    'PHP_PEAR_DOC_DIR' => 'c:\\ospanel\\modules\\php\\PHP_8.1\\PEAR\\docs'
    'PHP_PEAR_INSTALL_DIR' => 'c:\\ospanel\\modules\\php\\PHP_8.1\\PEAR\\pear'
    'PHP_PEAR_PHP_BIN' => 'c:\\ospanel\\modules\\php\\PHP_8.1\\php.exe'
    'PHP_PEAR_SYSCONF_DIR' => 'c:\\ospanel\\modules\\php\\PHP_8.1\\PEAR'
    'PHP_PEAR_TEST_DIR' => 'c:\\ospanel\\modules\\php\\PHP_8.1\\PEAR\\tests'
    'PROCESSOR_ARCHITECTURE' => 'AMD64'
    'PROCESSOR_IDENTIFIER' => 'Intel64 Family 6 Model 78 Stepping 3, GenuineIntel'
    'PROCESSOR_LEVEL' => '6'
    'PROCESSOR_REVISION' => '4e03'
    'ProgramData' => 'C:\\ProgramData'
    'ProgramFiles' => 'C:\\Program Files'
    'ProgramFiles(x86)' => 'C:\\Program Files (x86)'
    'ProgramW6432' => 'C:\\Program Files'
    'PROMPT' => '$E[m$E[32m$E]9;8;\"USERNAME\"$E\\@$E]9;8;\"COMPUTERNAME\"$E\\$S$E[92m$P$E[90m$_$E[90m$$$E[m$S$E]9;12$E\\'
    'PSModulePath' => 'C:\\Program Files\\WindowsPowerShell\\Modules;C:\\Windows\\system32\\WindowsPowerShell\\v1.0\\Modules'
    'PUBLIC' => 'C:\\Users\\Public'
    'SESSIONNAME' => 'Console'
    'SystemDrive' => 'C:'
    'SystemRoot' => 'C:\\Windows'
    'TEMP' => 'c:\\ospanel\\userdata\\temp'
    'TMP' => 'c:\\ospanel\\userdata\\temp'
    'USERDOMAIN' => 'DESKTOP-ISNE5O8'
    'USERDOMAIN_ROAMINGPROFILE' => 'DESKTOP-ISNE5O8'
    'USERNAME' => 'User'
    'USERPROFILE' => 'C:\\Users\\User'
    'windir' => 'C:\\Windows'
    'YII_PATH' => 'c:\\OSPanel\\domains\\localhost\\'
    '__COMPAT_LAYER' => 'DetectorsWin8'
    'PHP_SELF' => 'c:\\OSPanel\\domains\\localhost\\yii'
    'SCRIPT_NAME' => 'c:\\OSPanel\\domains\\localhost\\yii'
    'SCRIPT_FILENAME' => 'c:\\OSPanel\\domains\\localhost\\yii'
    'PATH_TRANSLATED' => 'c:\\OSPanel\\domains\\localhost\\yii'
    'DOCUMENT_ROOT' => ''
    'REQUEST_TIME_FLOAT' => 1674738691.2049
    'REQUEST_TIME' => 1674738691
    'argv' => [
        0 => 'c:\\OSPanel\\domains\\localhost\\yii'
        1 => 'mirgtion'
    ]
    'argc' => 2
]
2023-01-26 16:16:00 [127.0.0.1][-][-][error][yii\web\HttpException:404] yii\web\NotFoundHttpException: Page not found. in C:\OSPanel\domains\localhost\vendor\yiisoft\yii2\web\Request.php:299
Stack trace:
#0 C:\OSPanel\domains\localhost\vendor\yiisoft\yii2\web\Application.php(82): yii\web\Request->resolve()
#1 C:\OSPanel\domains\localhost\vendor\yiisoft\yii2\base\Application.php(384): yii\web\Application->handleRequest()
#2 C:\OSPanel\domains\localhost\web\index.php(12): yii\base\Application->run()
#3 {main}
2023-01-26 16:16:00 [127.0.0.1][-][-][info][application] $_GET = []

$_POST = []

$_FILES = []

$_COOKIE = [
    '_csrf' => '47f34ada52b566bcee381ba2ada39084f5f7f2175bfe8978b5f57d9ce435ecb9a:2:{i:0;s:5:\"_csrf\";i:1;s:32:\"P97OAQxoKPvslbtb-kF5M5paKXLFmAnn\";}'
]

$_SERVER = [
    'REDIRECT_STATUS' => '200'
    'HTTP_HOST' => 'localhost'
    'HTTP_X_FORWARDED_PROTO' => 'http'
    'HTTP_X_REAL_IP' => '127.0.0.1'
    'HTTP_SEC_CH_UA' => '\"Not_A Brand\";v=\"99\", \"Google Chrome\";v=\"109\", \"Chromium\";v=\"109\"'
    'HTTP_SEC_CH_UA_MOBILE' => '?0'
    'HTTP_SEC_CH_UA_PLATFORM' => '\"Windows\"'
    'HTTP_DNT' => '1'
    'HTTP_UPGRADE_INSECURE_REQUESTS' => '1'
    'HTTP_USER_AGENT' => 'Mozilla/5.0 (Windows NT 10.0; Win64; x64) AppleWebKit/537.36 (KHTML, like Gecko) Chrome/109.0.0.0 Safari/537.36'
    'HTTP_ACCEPT' => 'text/html,application/xhtml+xml,application/xml;q=0.9,image/avif,image/webp,image/apng,*/*;q=0.8,application/signed-exchange;v=b3;q=0.9'
    'HTTP_SEC_FETCH_SITE' => 'none'
    'HTTP_SEC_FETCH_MODE' => 'navigate'
    'HTTP_SEC_FETCH_USER' => '?1'
    'HTTP_SEC_FETCH_DEST' => 'document'
    'HTTP_ACCEPT_ENCODING' => 'gzip, deflate, br'
    'HTTP_ACCEPT_LANGUAGE' => 'ru-RU,ru;q=0.9,en-US;q=0.8,en;q=0.7'
    'HTTP_COOKIE' => '_csrf=47f34ada52b566bcee381ba2ada39084f5f7f2175bfe8978b5f57d9ce435ecb9a%3A2%3A%7Bi%3A0%3Bs%3A5%3A%22_csrf%22%3Bi%3A1%3Bs%3A32%3A%22P97OAQxoKPvslbtb-kF5M5paKXLFmAnn%22%3B%7D'
    'PATH' => 'c:\\ospanel\\modules\\php\\PHP_8.1\\ext;c:\\ospanel\\modules\\php\\PHP_8.1\\pear;c:\\ospanel\\modules\\php\\PHP_8.1\\pear\\bin;c:\\ospanel\\modules\\php\\PHP_8.1;c:\\ospanel\\modules\\wget\\bin;c:\\ospanel\\modules\\database\\MySQL-5.7-Win10\\bin;c:\\ospanel\\modules\\http\\Apache_2.4-PHP_8.0-8.1+Nginx_1.23\\bin;c:\\ospanel\\modules\\http\\Apache_2.4-PHP_8.0-8.1+Nginx_1.23;C:\\Windows\\system32;C:\\Windows;C:\\Windows\\system32\\Wbem;C:\\Windows\\SysWOW64'
    'SystemRoot' => 'C:\\Windows'
    'COMSPEC' => 'C:\\Windows\\system32\\cmd.exe'
    'PATHEXT' => '.COM;.EXE;.BAT;.CMD;.VBS;.VBE;.JS;.JSE;.WSF;.WSH;.MSC'
    'WINDIR' => 'C:\\Windows'
    'SERVER_SIGNATURE' => ''
    'SERVER_SOFTWARE' => 'Apache'
    'SERVER_NAME' => 'localhost'
    'SERVER_ADDR' => '127.0.0.1'
    'SERVER_PORT' => '80'
    'REMOTE_ADDR' => '127.0.0.1'
    'DOCUMENT_ROOT' => 'C:/OSPanel/domains/localhost/web'
    'REQUEST_SCHEME' => 'http'
    'CONTEXT_PREFIX' => ''
    'CONTEXT_DOCUMENT_ROOT' => 'C:/OSPanel/domains/localhost/web'
    'SERVER_ADMIN' => '[no address given]'
    'SCRIPT_FILENAME' => 'C:/OSPanel/domains/localhost/web/index.php'
    'REMOTE_PORT' => '50074'
    'REDIRECT_URL' => '/prducts'
    'GATEWAY_INTERFACE' => 'CGI/1.1'
    'SERVER_PROTOCOL' => 'HTTP/1.1'
    'REQUEST_METHOD' => 'GET'
    'QUERY_STRING' => ''
    'REQUEST_URI' => '/prducts'
    'SCRIPT_NAME' => '/index.php'
    'PHP_SELF' => '/index.php'
    'REQUEST_TIME_FLOAT' => 1674738960.7866
    'REQUEST_TIME' => 1674738960
]
2023-01-26 18:50:57 [127.0.0.1][-][-][error][yii\web\HttpException:404] yii\web\NotFoundHttpException: Page not found. in C:\OSPanel\domains\localhost\vendor\yiisoft\yii2\web\Request.php:299
Stack trace:
#0 C:\OSPanel\domains\localhost\vendor\yiisoft\yii2\web\Application.php(82): yii\web\Request->resolve()
#1 C:\OSPanel\domains\localhost\vendor\yiisoft\yii2\base\Application.php(384): yii\web\Application->handleRequest()
#2 C:\OSPanel\domains\localhost\web\index.php(12): yii\base\Application->run()
#3 {main}
2023-01-26 18:50:57 [127.0.0.1][-][-][info][application] $_GET = []

$_POST = []

$_FILES = []

$_COOKIE = [
    '_csrf' => '47f34ada52b566bcee381ba2ada39084f5f7f2175bfe8978b5f57d9ce435ecb9a:2:{i:0;s:5:\"_csrf\";i:1;s:32:\"P97OAQxoKPvslbtb-kF5M5paKXLFmAnn\";}'
]

$_SERVER = [
    'REDIRECT_STATUS' => '200'
    'HTTP_HOST' => 'localhost'
    'HTTP_X_FORWARDED_PROTO' => 'http'
    'HTTP_X_REAL_IP' => '127.0.0.1'
    'HTTP_SEC_CH_UA' => '\"Not_A Brand\";v=\"99\", \"Google Chrome\";v=\"109\", \"Chromium\";v=\"109\"'
    'HTTP_DNT' => '1'
    'HTTP_SEC_CH_UA_MOBILE' => '?0'
    'HTTP_USER_AGENT' => 'Mozilla/5.0 (Windows NT 10.0; Win64; x64) AppleWebKit/537.36 (KHTML, like Gecko) Chrome/109.0.0.0 Safari/537.36'
    'HTTP_SEC_CH_UA_PLATFORM' => '\"Windows\"'
    'HTTP_ACCEPT' => 'image/avif,image/webp,image/apng,image/svg+xml,image/*,*/*;q=0.8'
    'HTTP_SEC_FETCH_SITE' => 'same-origin'
    'HTTP_SEC_FETCH_MODE' => 'no-cors'
    'HTTP_SEC_FETCH_DEST' => 'image'
    'HTTP_REFERER' => 'http://localhost/'
    'HTTP_ACCEPT_ENCODING' => 'gzip, deflate, br'
    'HTTP_ACCEPT_LANGUAGE' => 'ru-RU,ru;q=0.9,en-US;q=0.8,en;q=0.7'
    'HTTP_COOKIE' => '_csrf=47f34ada52b566bcee381ba2ada39084f5f7f2175bfe8978b5f57d9ce435ecb9a%3A2%3A%7Bi%3A0%3Bs%3A5%3A%22_csrf%22%3Bi%3A1%3Bs%3A32%3A%22P97OAQxoKPvslbtb-kF5M5paKXLFmAnn%22%3B%7D'
    'PATH' => 'c:\\ospanel\\modules\\php\\PHP_8.1\\ext;c:\\ospanel\\modules\\php\\PHP_8.1\\pear;c:\\ospanel\\modules\\php\\PHP_8.1\\pear\\bin;c:\\ospanel\\modules\\php\\PHP_8.1;c:\\ospanel\\modules\\wget\\bin;c:\\ospanel\\modules\\database\\MySQL-5.7-Win10\\bin;c:\\ospanel\\modules\\http\\Apache_2.4-PHP_8.0-8.1+Nginx_1.23\\bin;c:\\ospanel\\modules\\http\\Apache_2.4-PHP_8.0-8.1+Nginx_1.23;C:\\Windows\\system32;C:\\Windows;C:\\Windows\\system32\\Wbem;C:\\Windows\\SysWOW64'
    'SystemRoot' => 'C:\\Windows'
    'COMSPEC' => 'C:\\Windows\\system32\\cmd.exe'
    'PATHEXT' => '.COM;.EXE;.BAT;.CMD;.VBS;.VBE;.JS;.JSE;.WSF;.WSH;.MSC'
    'WINDIR' => 'C:\\Windows'
    'SERVER_SIGNATURE' => ''
    'SERVER_SOFTWARE' => 'Apache'
    'SERVER_NAME' => 'localhost'
    'SERVER_ADDR' => '127.0.0.1'
    'SERVER_PORT' => '80'
    'REMOTE_ADDR' => '127.0.0.1'
    'DOCUMENT_ROOT' => 'C:/OSPanel/domains/localhost/web'
    'REQUEST_SCHEME' => 'http'
    'CONTEXT_PREFIX' => ''
    'CONTEXT_DOCUMENT_ROOT' => 'C:/OSPanel/domains/localhost/web'
    'SERVER_ADMIN' => '[no address given]'
    'SCRIPT_FILENAME' => 'C:/OSPanel/domains/localhost/web/index.php'
    'REMOTE_PORT' => '54484'
    'REDIRECT_URL' => '/undefined'
    'GATEWAY_INTERFACE' => 'CGI/1.1'
    'SERVER_PROTOCOL' => 'HTTP/1.1'
    'REQUEST_METHOD' => 'GET'
    'QUERY_STRING' => ''
    'REQUEST_URI' => '/undefined'
    'SCRIPT_NAME' => '/index.php'
    'PHP_SELF' => '/index.php'
    'REQUEST_TIME_FLOAT' => 1674748257.6637
    'REQUEST_TIME' => 1674748257
]
2023-01-26 18:52:14 [127.0.0.1][-][-][error][yii\web\HttpException:404] yii\web\NotFoundHttpException: Page not found. in C:\OSPanel\domains\localhost\vendor\yiisoft\yii2\web\Request.php:299
Stack trace:
#0 C:\OSPanel\domains\localhost\vendor\yiisoft\yii2\web\Application.php(82): yii\web\Request->resolve()
#1 C:\OSPanel\domains\localhost\vendor\yiisoft\yii2\base\Application.php(384): yii\web\Application->handleRequest()
#2 C:\OSPanel\domains\localhost\web\index.php(12): yii\base\Application->run()
#3 {main}
2023-01-26 18:52:14 [127.0.0.1][-][-][info][application] $_GET = []

$_POST = []

$_FILES = []

$_COOKIE = [
    '_csrf' => '47f34ada52b566bcee381ba2ada39084f5f7f2175bfe8978b5f57d9ce435ecb9a:2:{i:0;s:5:\"_csrf\";i:1;s:32:\"P97OAQxoKPvslbtb-kF5M5paKXLFmAnn\";}'
]

$_SERVER = [
    'REDIRECT_STATUS' => '200'
    'HTTP_HOST' => 'localhost'
    'HTTP_X_FORWARDED_PROTO' => 'http'
    'HTTP_X_REAL_IP' => '127.0.0.1'
    'HTTP_SEC_CH_UA' => '\"Not_A Brand\";v=\"99\", \"Google Chrome\";v=\"109\", \"Chromium\";v=\"109\"'
    'HTTP_DNT' => '1'
    'HTTP_SEC_CH_UA_MOBILE' => '?0'
    'HTTP_USER_AGENT' => 'Mozilla/5.0 (Windows NT 10.0; Win64; x64) AppleWebKit/537.36 (KHTML, like Gecko) Chrome/109.0.0.0 Safari/537.36'
    'HTTP_SEC_CH_UA_PLATFORM' => '\"Windows\"'
    'HTTP_ACCEPT' => 'image/avif,image/webp,image/apng,image/svg+xml,image/*,*/*;q=0.8'
    'HTTP_SEC_FETCH_SITE' => 'same-origin'
    'HTTP_SEC_FETCH_MODE' => 'no-cors'
    'HTTP_SEC_FETCH_DEST' => 'image'
    'HTTP_REFERER' => 'http://localhost/'
    'HTTP_ACCEPT_ENCODING' => 'gzip, deflate, br'
    'HTTP_ACCEPT_LANGUAGE' => 'ru-RU,ru;q=0.9,en-US;q=0.8,en;q=0.7'
    'HTTP_COOKIE' => '_csrf=47f34ada52b566bcee381ba2ada39084f5f7f2175bfe8978b5f57d9ce435ecb9a%3A2%3A%7Bi%3A0%3Bs%3A5%3A%22_csrf%22%3Bi%3A1%3Bs%3A32%3A%22P97OAQxoKPvslbtb-kF5M5paKXLFmAnn%22%3B%7D'
    'PATH' => 'c:\\ospanel\\modules\\php\\PHP_8.1\\ext;c:\\ospanel\\modules\\php\\PHP_8.1\\pear;c:\\ospanel\\modules\\php\\PHP_8.1\\pear\\bin;c:\\ospanel\\modules\\php\\PHP_8.1;c:\\ospanel\\modules\\wget\\bin;c:\\ospanel\\modules\\database\\MySQL-5.7-Win10\\bin;c:\\ospanel\\modules\\http\\Apache_2.4-PHP_8.0-8.1+Nginx_1.23\\bin;c:\\ospanel\\modules\\http\\Apache_2.4-PHP_8.0-8.1+Nginx_1.23;C:\\Windows\\system32;C:\\Windows;C:\\Windows\\system32\\Wbem;C:\\Windows\\SysWOW64'
    'SystemRoot' => 'C:\\Windows'
    'COMSPEC' => 'C:\\Windows\\system32\\cmd.exe'
    'PATHEXT' => '.COM;.EXE;.BAT;.CMD;.VBS;.VBE;.JS;.JSE;.WSF;.WSH;.MSC'
    'WINDIR' => 'C:\\Windows'
    'SERVER_SIGNATURE' => ''
    'SERVER_SOFTWARE' => 'Apache'
    'SERVER_NAME' => 'localhost'
    'SERVER_ADDR' => '127.0.0.1'
    'SERVER_PORT' => '80'
    'REMOTE_ADDR' => '127.0.0.1'
    'DOCUMENT_ROOT' => 'C:/OSPanel/domains/localhost/web'
    'REQUEST_SCHEME' => 'http'
    'CONTEXT_PREFIX' => ''
    'CONTEXT_DOCUMENT_ROOT' => 'C:/OSPanel/domains/localhost/web'
    'SERVER_ADMIN' => '[no address given]'
    'SCRIPT_FILENAME' => 'C:/OSPanel/domains/localhost/web/index.php'
    'REMOTE_PORT' => '54561'
    'REDIRECT_URL' => '/---'
    'GATEWAY_INTERFACE' => 'CGI/1.1'
    'SERVER_PROTOCOL' => 'HTTP/1.1'
    'REQUEST_METHOD' => 'GET'
    'QUERY_STRING' => ''
    'REQUEST_URI' => '/---'
    'SCRIPT_NAME' => '/index.php'
    'PHP_SELF' => '/index.php'
    'REQUEST_TIME_FLOAT' => 1674748333.9833
    'REQUEST_TIME' => 1674748333
]
2023-01-26 19:14:45 [127.0.0.1][-][-][error][yii\web\HttpException:404] yii\web\NotFoundHttpException: Page not found. in C:\OSPanel\domains\localhost\vendor\yiisoft\yii2\web\Request.php:299
Stack trace:
#0 C:\OSPanel\domains\localhost\vendor\yiisoft\yii2\web\Application.php(82): yii\web\Request->resolve()
#1 C:\OSPanel\domains\localhost\vendor\yiisoft\yii2\base\Application.php(384): yii\web\Application->handleRequest()
#2 C:\OSPanel\domains\localhost\web\index.php(12): yii\base\Application->run()
#3 {main}
2023-01-26 19:14:45 [127.0.0.1][-][-][info][application] $_GET = []

$_POST = []

$_FILES = []

$_COOKIE = [
    '_csrf' => '47f34ada52b566bcee381ba2ada39084f5f7f2175bfe8978b5f57d9ce435ecb9a:2:{i:0;s:5:\"_csrf\";i:1;s:32:\"P97OAQxoKPvslbtb-kF5M5paKXLFmAnn\";}'
]

$_SERVER = [
    'REDIRECT_STATUS' => '200'
    'HTTP_HOST' => 'localhost'
    'HTTP_X_FORWARDED_PROTO' => 'http'
    'HTTP_X_REAL_IP' => '127.0.0.1'
    'HTTP_PRAGMA' => 'no-cache'
    'HTTP_CACHE_CONTROL' => 'no-cache'
    'HTTP_SEC_CH_UA' => '\"Not_A Brand\";v=\"99\", \"Google Chrome\";v=\"109\", \"Chromium\";v=\"109\"'
    'HTTP_DNT' => '1'
    'HTTP_SEC_CH_UA_MOBILE' => '?0'
    'HTTP_USER_AGENT' => 'Mozilla/5.0 (Windows NT 10.0; Win64; x64) AppleWebKit/537.36 (KHTML, like Gecko) Chrome/109.0.0.0 Safari/537.36'
    'HTTP_SEC_CH_UA_PLATFORM' => '\"Windows\"'
    'HTTP_ACCEPT' => 'image/avif,image/webp,image/apng,image/svg+xml,image/*,*/*;q=0.8'
    'HTTP_SEC_FETCH_SITE' => 'same-origin'
    'HTTP_SEC_FETCH_MODE' => 'no-cors'
    'HTTP_SEC_FETCH_DEST' => 'image'
    'HTTP_REFERER' => 'http://localhost/'
    'HTTP_ACCEPT_ENCODING' => 'gzip, deflate, br'
    'HTTP_ACCEPT_LANGUAGE' => 'ru-RU,ru;q=0.9,en-US;q=0.8,en;q=0.7'
    'HTTP_COOKIE' => '_csrf=47f34ada52b566bcee381ba2ada39084f5f7f2175bfe8978b5f57d9ce435ecb9a%3A2%3A%7Bi%3A0%3Bs%3A5%3A%22_csrf%22%3Bi%3A1%3Bs%3A32%3A%22P97OAQxoKPvslbtb-kF5M5paKXLFmAnn%22%3B%7D'
    'PATH' => 'c:\\ospanel\\modules\\php\\PHP_8.1\\ext;c:\\ospanel\\modules\\php\\PHP_8.1\\pear;c:\\ospanel\\modules\\php\\PHP_8.1\\pear\\bin;c:\\ospanel\\modules\\php\\PHP_8.1;c:\\ospanel\\modules\\wget\\bin;c:\\ospanel\\modules\\database\\MySQL-5.7-Win10\\bin;c:\\ospanel\\modules\\http\\Apache_2.4-PHP_8.0-8.1+Nginx_1.23\\bin;c:\\ospanel\\modules\\http\\Apache_2.4-PHP_8.0-8.1+Nginx_1.23;C:\\Windows\\system32;C:\\Windows;C:\\Windows\\system32\\Wbem;C:\\Windows\\SysWOW64'
    'SystemRoot' => 'C:\\Windows'
    'COMSPEC' => 'C:\\Windows\\system32\\cmd.exe'
    'PATHEXT' => '.COM;.EXE;.BAT;.CMD;.VBS;.VBE;.JS;.JSE;.WSF;.WSH;.MSC'
    'WINDIR' => 'C:\\Windows'
    'SERVER_SIGNATURE' => ''
    'SERVER_SOFTWARE' => 'Apache'
    'SERVER_NAME' => 'localhost'
    'SERVER_ADDR' => '127.0.0.1'
    'SERVER_PORT' => '80'
    'REMOTE_ADDR' => '127.0.0.1'
    'DOCUMENT_ROOT' => 'C:/OSPanel/domains/localhost/web'
    'REQUEST_SCHEME' => 'http'
    'CONTEXT_PREFIX' => ''
    'CONTEXT_DOCUMENT_ROOT' => 'C:/OSPanel/domains/localhost/web'
    'SERVER_ADMIN' => '[no address given]'
    'SCRIPT_FILENAME' => 'C:/OSPanel/domains/localhost/web/index.php'
    'REMOTE_PORT' => '55959'
    'REDIRECT_URL' => '/undefined'
    'GATEWAY_INTERFACE' => 'CGI/1.1'
    'SERVER_PROTOCOL' => 'HTTP/1.1'
    'REQUEST_METHOD' => 'GET'
    'QUERY_STRING' => ''
    'REQUEST_URI' => '/undefined'
    'SCRIPT_NAME' => '/index.php'
    'PHP_SELF' => '/index.php'
    'REQUEST_TIME_FLOAT' => 1674749685.0555
    'REQUEST_TIME' => 1674749685
]
2023-01-26 19:16:32 [127.0.0.1][-][-][error][yii\web\HttpException:404] yii\web\NotFoundHttpException: Page not found. in C:\OSPanel\domains\localhost\vendor\yiisoft\yii2\web\Request.php:299
Stack trace:
#0 C:\OSPanel\domains\localhost\vendor\yiisoft\yii2\web\Application.php(82): yii\web\Request->resolve()
#1 C:\OSPanel\domains\localhost\vendor\yiisoft\yii2\base\Application.php(384): yii\web\Application->handleRequest()
#2 C:\OSPanel\domains\localhost\web\index.php(12): yii\base\Application->run()
#3 {main}
2023-01-26 19:16:32 [127.0.0.1][-][-][info][application] $_GET = []

$_POST = []

$_FILES = []

$_COOKIE = [
    '_csrf' => '47f34ada52b566bcee381ba2ada39084f5f7f2175bfe8978b5f57d9ce435ecb9a:2:{i:0;s:5:\"_csrf\";i:1;s:32:\"P97OAQxoKPvslbtb-kF5M5paKXLFmAnn\";}'
]

$_SERVER = [
    'REDIRECT_STATUS' => '200'
    'HTTP_HOST' => 'localhost'
    'HTTP_X_FORWARDED_PROTO' => 'http'
    'HTTP_X_REAL_IP' => '127.0.0.1'
    'HTTP_SEC_CH_UA' => '\"Not_A Brand\";v=\"99\", \"Google Chrome\";v=\"109\", \"Chromium\";v=\"109\"'
    'HTTP_DNT' => '1'
    'HTTP_SEC_CH_UA_MOBILE' => '?0'
    'HTTP_USER_AGENT' => 'Mozilla/5.0 (Windows NT 10.0; Win64; x64) AppleWebKit/537.36 (KHTML, like Gecko) Chrome/109.0.0.0 Safari/537.36'
    'HTTP_SEC_CH_UA_PLATFORM' => '\"Windows\"'
    'HTTP_ACCEPT' => 'image/avif,image/webp,image/apng,image/svg+xml,image/*,*/*;q=0.8'
    'HTTP_SEC_FETCH_SITE' => 'same-origin'
    'HTTP_SEC_FETCH_MODE' => 'no-cors'
    'HTTP_SEC_FETCH_DEST' => 'image'
    'HTTP_REFERER' => 'http://localhost/'
    'HTTP_ACCEPT_ENCODING' => 'gzip, deflate, br'
    'HTTP_ACCEPT_LANGUAGE' => 'ru-RU,ru;q=0.9,en-US;q=0.8,en;q=0.7'
    'HTTP_COOKIE' => '_csrf=47f34ada52b566bcee381ba2ada39084f5f7f2175bfe8978b5f57d9ce435ecb9a%3A2%3A%7Bi%3A0%3Bs%3A5%3A%22_csrf%22%3Bi%3A1%3Bs%3A32%3A%22P97OAQxoKPvslbtb-kF5M5paKXLFmAnn%22%3B%7D'
    'PATH' => 'c:\\ospanel\\modules\\php\\PHP_8.1\\ext;c:\\ospanel\\modules\\php\\PHP_8.1\\pear;c:\\ospanel\\modules\\php\\PHP_8.1\\pear\\bin;c:\\ospanel\\modules\\php\\PHP_8.1;c:\\ospanel\\modules\\wget\\bin;c:\\ospanel\\modules\\database\\MySQL-5.7-Win10\\bin;c:\\ospanel\\modules\\http\\Apache_2.4-PHP_8.0-8.1+Nginx_1.23\\bin;c:\\ospanel\\modules\\http\\Apache_2.4-PHP_8.0-8.1+Nginx_1.23;C:\\Windows\\system32;C:\\Windows;C:\\Windows\\system32\\Wbem;C:\\Windows\\SysWOW64'
    'SystemRoot' => 'C:\\Windows'
    'COMSPEC' => 'C:\\Windows\\system32\\cmd.exe'
    'PATHEXT' => '.COM;.EXE;.BAT;.CMD;.VBS;.VBE;.JS;.JSE;.WSF;.WSH;.MSC'
    'WINDIR' => 'C:\\Windows'
    'SERVER_SIGNATURE' => ''
    'SERVER_SOFTWARE' => 'Apache'
    'SERVER_NAME' => 'localhost'
    'SERVER_ADDR' => '127.0.0.1'
    'SERVER_PORT' => '80'
    'REMOTE_ADDR' => '127.0.0.1'
    'DOCUMENT_ROOT' => 'C:/OSPanel/domains/localhost/web'
    'REQUEST_SCHEME' => 'http'
    'CONTEXT_PREFIX' => ''
    'CONTEXT_DOCUMENT_ROOT' => 'C:/OSPanel/domains/localhost/web'
    'SERVER_ADMIN' => '[no address given]'
    'SCRIPT_FILENAME' => 'C:/OSPanel/domains/localhost/web/index.php'
    'REMOTE_PORT' => '56080'
    'REDIRECT_URL' => '/undefined'
    'GATEWAY_INTERFACE' => 'CGI/1.1'
    'SERVER_PROTOCOL' => 'HTTP/1.1'
    'REQUEST_METHOD' => 'GET'
    'QUERY_STRING' => ''
    'REQUEST_URI' => '/undefined'
    'SCRIPT_NAME' => '/index.php'
    'PHP_SELF' => '/index.php'
    'REQUEST_TIME_FLOAT' => 1674749792.2973
    'REQUEST_TIME' => 1674749792
]
2023-01-26 19:21:30 [127.0.0.1][-][-][error][yii\web\HttpException:404] yii\web\NotFoundHttpException: Page not found. in C:\OSPanel\domains\localhost\vendor\yiisoft\yii2\web\Request.php:299
Stack trace:
#0 C:\OSPanel\domains\localhost\vendor\yiisoft\yii2\web\Application.php(82): yii\web\Request->resolve()
#1 C:\OSPanel\domains\localhost\vendor\yiisoft\yii2\base\Application.php(384): yii\web\Application->handleRequest()
#2 C:\OSPanel\domains\localhost\web\index.php(12): yii\base\Application->run()
#3 {main}
2023-01-26 19:21:30 [127.0.0.1][-][-][info][application] $_GET = []

$_POST = []

$_FILES = []

$_COOKIE = [
    '_csrf' => '47f34ada52b566bcee381ba2ada39084f5f7f2175bfe8978b5f57d9ce435ecb9a:2:{i:0;s:5:\"_csrf\";i:1;s:32:\"P97OAQxoKPvslbtb-kF5M5paKXLFmAnn\";}'
]

$_SERVER = [
    'REDIRECT_STATUS' => '200'
    'HTTP_HOST' => 'localhost'
    'HTTP_X_FORWARDED_PROTO' => 'http'
    'HTTP_X_REAL_IP' => '127.0.0.1'
    'HTTP_SEC_CH_UA' => '\"Not_A Brand\";v=\"99\", \"Google Chrome\";v=\"109\", \"Chromium\";v=\"109\"'
    'HTTP_DNT' => '1'
    'HTTP_SEC_CH_UA_MOBILE' => '?0'
    'HTTP_USER_AGENT' => 'Mozilla/5.0 (Windows NT 10.0; Win64; x64) AppleWebKit/537.36 (KHTML, like Gecko) Chrome/109.0.0.0 Safari/537.36'
    'HTTP_SEC_CH_UA_PLATFORM' => '\"Windows\"'
    'HTTP_ACCEPT' => 'image/avif,image/webp,image/apng,image/svg+xml,image/*,*/*;q=0.8'
    'HTTP_SEC_FETCH_SITE' => 'same-origin'
    'HTTP_SEC_FETCH_MODE' => 'no-cors'
    'HTTP_SEC_FETCH_DEST' => 'image'
    'HTTP_REFERER' => 'http://localhost/'
    'HTTP_ACCEPT_ENCODING' => 'gzip, deflate, br'
    'HTTP_ACCEPT_LANGUAGE' => 'ru-RU,ru;q=0.9,en-US;q=0.8,en;q=0.7'
    'HTTP_COOKIE' => '_csrf=47f34ada52b566bcee381ba2ada39084f5f7f2175bfe8978b5f57d9ce435ecb9a%3A2%3A%7Bi%3A0%3Bs%3A5%3A%22_csrf%22%3Bi%3A1%3Bs%3A32%3A%22P97OAQxoKPvslbtb-kF5M5paKXLFmAnn%22%3B%7D'
    'PATH' => 'c:\\ospanel\\modules\\php\\PHP_8.1\\ext;c:\\ospanel\\modules\\php\\PHP_8.1\\pear;c:\\ospanel\\modules\\php\\PHP_8.1\\pear\\bin;c:\\ospanel\\modules\\php\\PHP_8.1;c:\\ospanel\\modules\\wget\\bin;c:\\ospanel\\modules\\database\\MySQL-5.7-Win10\\bin;c:\\ospanel\\modules\\http\\Apache_2.4-PHP_8.0-8.1+Nginx_1.23\\bin;c:\\ospanel\\modules\\http\\Apache_2.4-PHP_8.0-8.1+Nginx_1.23;C:\\Windows\\system32;C:\\Windows;C:\\Windows\\system32\\Wbem;C:\\Windows\\SysWOW64'
    'SystemRoot' => 'C:\\Windows'
    'COMSPEC' => 'C:\\Windows\\system32\\cmd.exe'
    'PATHEXT' => '.COM;.EXE;.BAT;.CMD;.VBS;.VBE;.JS;.JSE;.WSF;.WSH;.MSC'
    'WINDIR' => 'C:\\Windows'
    'SERVER_SIGNATURE' => ''
    'SERVER_SOFTWARE' => 'Apache'
    'SERVER_NAME' => 'localhost'
    'SERVER_ADDR' => '127.0.0.1'
    'SERVER_PORT' => '80'
    'REMOTE_ADDR' => '127.0.0.1'
    'DOCUMENT_ROOT' => 'C:/OSPanel/domains/localhost/web'
    'REQUEST_SCHEME' => 'http'
    'CONTEXT_PREFIX' => ''
    'CONTEXT_DOCUMENT_ROOT' => 'C:/OSPanel/domains/localhost/web'
    'SERVER_ADMIN' => '[no address given]'
    'SCRIPT_FILENAME' => 'C:/OSPanel/domains/localhost/web/index.php'
    'REMOTE_PORT' => '56375'
    'REDIRECT_URL' => '/undefined'
    'GATEWAY_INTERFACE' => 'CGI/1.1'
    'SERVER_PROTOCOL' => 'HTTP/1.1'
    'REQUEST_METHOD' => 'GET'
    'QUERY_STRING' => ''
    'REQUEST_URI' => '/undefined'
    'SCRIPT_NAME' => '/index.php'
    'PHP_SELF' => '/index.php'
    'REQUEST_TIME_FLOAT' => 1674750090.8836
    'REQUEST_TIME' => 1674750090
]
2023-01-26 19:21:54 [127.0.0.1][-][-][error][yii\web\HttpException:404] yii\web\NotFoundHttpException: Page not found. in C:\OSPanel\domains\localhost\vendor\yiisoft\yii2\web\Request.php:299
Stack trace:
#0 C:\OSPanel\domains\localhost\vendor\yiisoft\yii2\web\Application.php(82): yii\web\Request->resolve()
#1 C:\OSPanel\domains\localhost\vendor\yiisoft\yii2\base\Application.php(384): yii\web\Application->handleRequest()
#2 C:\OSPanel\domains\localhost\web\index.php(12): yii\base\Application->run()
#3 {main}
2023-01-26 19:21:54 [127.0.0.1][-][-][info][application] $_GET = []

$_POST = []

$_FILES = []

$_COOKIE = [
    '_csrf' => '47f34ada52b566bcee381ba2ada39084f5f7f2175bfe8978b5f57d9ce435ecb9a:2:{i:0;s:5:\"_csrf\";i:1;s:32:\"P97OAQxoKPvslbtb-kF5M5paKXLFmAnn\";}'
]

$_SERVER = [
    'REDIRECT_STATUS' => '200'
    'HTTP_HOST' => 'localhost'
    'HTTP_X_FORWARDED_PROTO' => 'http'
    'HTTP_X_REAL_IP' => '127.0.0.1'
    'HTTP_SEC_CH_UA' => '\"Not_A Brand\";v=\"99\", \"Google Chrome\";v=\"109\", \"Chromium\";v=\"109\"'
    'HTTP_DNT' => '1'
    'HTTP_SEC_CH_UA_MOBILE' => '?0'
    'HTTP_USER_AGENT' => 'Mozilla/5.0 (Windows NT 10.0; Win64; x64) AppleWebKit/537.36 (KHTML, like Gecko) Chrome/109.0.0.0 Safari/537.36'
    'HTTP_SEC_CH_UA_PLATFORM' => '\"Windows\"'
    'HTTP_ACCEPT' => 'image/avif,image/webp,image/apng,image/svg+xml,image/*,*/*;q=0.8'
    'HTTP_SEC_FETCH_SITE' => 'same-origin'
    'HTTP_SEC_FETCH_MODE' => 'no-cors'
    'HTTP_SEC_FETCH_DEST' => 'image'
    'HTTP_REFERER' => 'http://localhost/'
    'HTTP_ACCEPT_ENCODING' => 'gzip, deflate, br'
    'HTTP_ACCEPT_LANGUAGE' => 'ru-RU,ru;q=0.9,en-US;q=0.8,en;q=0.7'
    'HTTP_COOKIE' => '_csrf=47f34ada52b566bcee381ba2ada39084f5f7f2175bfe8978b5f57d9ce435ecb9a%3A2%3A%7Bi%3A0%3Bs%3A5%3A%22_csrf%22%3Bi%3A1%3Bs%3A32%3A%22P97OAQxoKPvslbtb-kF5M5paKXLFmAnn%22%3B%7D'
    'PATH' => 'c:\\ospanel\\modules\\php\\PHP_8.1\\ext;c:\\ospanel\\modules\\php\\PHP_8.1\\pear;c:\\ospanel\\modules\\php\\PHP_8.1\\pear\\bin;c:\\ospanel\\modules\\php\\PHP_8.1;c:\\ospanel\\modules\\wget\\bin;c:\\ospanel\\modules\\database\\MySQL-5.7-Win10\\bin;c:\\ospanel\\modules\\http\\Apache_2.4-PHP_8.0-8.1+Nginx_1.23\\bin;c:\\ospanel\\modules\\http\\Apache_2.4-PHP_8.0-8.1+Nginx_1.23;C:\\Windows\\system32;C:\\Windows;C:\\Windows\\system32\\Wbem;C:\\Windows\\SysWOW64'
    'SystemRoot' => 'C:\\Windows'
    'COMSPEC' => 'C:\\Windows\\system32\\cmd.exe'
    'PATHEXT' => '.COM;.EXE;.BAT;.CMD;.VBS;.VBE;.JS;.JSE;.WSF;.WSH;.MSC'
    'WINDIR' => 'C:\\Windows'
    'SERVER_SIGNATURE' => ''
    'SERVER_SOFTWARE' => 'Apache'
    'SERVER_NAME' => 'localhost'
    'SERVER_ADDR' => '127.0.0.1'
    'SERVER_PORT' => '80'
    'REMOTE_ADDR' => '127.0.0.1'
    'DOCUMENT_ROOT' => 'C:/OSPanel/domains/localhost/web'
    'REQUEST_SCHEME' => 'http'
    'CONTEXT_PREFIX' => ''
    'CONTEXT_DOCUMENT_ROOT' => 'C:/OSPanel/domains/localhost/web'
    'SERVER_ADMIN' => '[no address given]'
    'SCRIPT_FILENAME' => 'C:/OSPanel/domains/localhost/web/index.php'
    'REMOTE_PORT' => '56407'
    'REDIRECT_URL' => '/undefined'
    'GATEWAY_INTERFACE' => 'CGI/1.1'
    'SERVER_PROTOCOL' => 'HTTP/1.1'
    'REQUEST_METHOD' => 'GET'
    'QUERY_STRING' => ''
    'REQUEST_URI' => '/undefined'
    'SCRIPT_NAME' => '/index.php'
    'PHP_SELF' => '/index.php'
    'REQUEST_TIME_FLOAT' => 1674750114.6713
    'REQUEST_TIME' => 1674750114
]
2023-01-26 19:28:52 [127.0.0.1][-][-][error][yii\web\HttpException:404] yii\web\NotFoundHttpException: Page not found. in C:\OSPanel\domains\localhost\vendor\yiisoft\yii2\web\Request.php:299
Stack trace:
#0 C:\OSPanel\domains\localhost\vendor\yiisoft\yii2\web\Application.php(82): yii\web\Request->resolve()
#1 C:\OSPanel\domains\localhost\vendor\yiisoft\yii2\base\Application.php(384): yii\web\Application->handleRequest()
#2 C:\OSPanel\domains\localhost\web\index.php(12): yii\base\Application->run()
#3 {main}
2023-01-26 19:28:52 [127.0.0.1][-][-][info][application] $_GET = []

$_POST = []

$_FILES = []

$_COOKIE = [
    '_csrf' => '47f34ada52b566bcee381ba2ada39084f5f7f2175bfe8978b5f57d9ce435ecb9a:2:{i:0;s:5:\"_csrf\";i:1;s:32:\"P97OAQxoKPvslbtb-kF5M5paKXLFmAnn\";}'
]

$_SERVER = [
    'REDIRECT_STATUS' => '200'
    'HTTP_HOST' => 'localhost'
    'HTTP_X_FORWARDED_PROTO' => 'http'
    'HTTP_X_REAL_IP' => '127.0.0.1'
    'HTTP_SEC_CH_UA' => '\"Not_A Brand\";v=\"99\", \"Google Chrome\";v=\"109\", \"Chromium\";v=\"109\"'
    'HTTP_DNT' => '1'
    'HTTP_SEC_CH_UA_MOBILE' => '?0'
    'HTTP_USER_AGENT' => 'Mozilla/5.0 (Windows NT 10.0; Win64; x64) AppleWebKit/537.36 (KHTML, like Gecko) Chrome/109.0.0.0 Safari/537.36'
    'HTTP_SEC_CH_UA_PLATFORM' => '\"Windows\"'
    'HTTP_ACCEPT' => 'image/avif,image/webp,image/apng,image/svg+xml,image/*,*/*;q=0.8'
    'HTTP_SEC_FETCH_SITE' => 'same-origin'
    'HTTP_SEC_FETCH_MODE' => 'no-cors'
    'HTTP_SEC_FETCH_DEST' => 'image'
    'HTTP_REFERER' => 'http://localhost/'
    'HTTP_ACCEPT_ENCODING' => 'gzip, deflate, br'
    'HTTP_ACCEPT_LANGUAGE' => 'ru-RU,ru;q=0.9,en-US;q=0.8,en;q=0.7'
    'HTTP_COOKIE' => '_csrf=47f34ada52b566bcee381ba2ada39084f5f7f2175bfe8978b5f57d9ce435ecb9a%3A2%3A%7Bi%3A0%3Bs%3A5%3A%22_csrf%22%3Bi%3A1%3Bs%3A32%3A%22P97OAQxoKPvslbtb-kF5M5paKXLFmAnn%22%3B%7D'
    'PATH' => 'c:\\ospanel\\modules\\php\\PHP_8.1\\ext;c:\\ospanel\\modules\\php\\PHP_8.1\\pear;c:\\ospanel\\modules\\php\\PHP_8.1\\pear\\bin;c:\\ospanel\\modules\\php\\PHP_8.1;c:\\ospanel\\modules\\wget\\bin;c:\\ospanel\\modules\\database\\MySQL-5.7-Win10\\bin;c:\\ospanel\\modules\\http\\Apache_2.4-PHP_8.0-8.1+Nginx_1.23\\bin;c:\\ospanel\\modules\\http\\Apache_2.4-PHP_8.0-8.1+Nginx_1.23;C:\\Windows\\system32;C:\\Windows;C:\\Windows\\system32\\Wbem;C:\\Windows\\SysWOW64'
    'SystemRoot' => 'C:\\Windows'
    'COMSPEC' => 'C:\\Windows\\system32\\cmd.exe'
    'PATHEXT' => '.COM;.EXE;.BAT;.CMD;.VBS;.VBE;.JS;.JSE;.WSF;.WSH;.MSC'
    'WINDIR' => 'C:\\Windows'
    'SERVER_SIGNATURE' => ''
    'SERVER_SOFTWARE' => 'Apache'
    'SERVER_NAME' => 'localhost'
    'SERVER_ADDR' => '127.0.0.1'
    'SERVER_PORT' => '80'
    'REMOTE_ADDR' => '127.0.0.1'
    'DOCUMENT_ROOT' => 'C:/OSPanel/domains/localhost/web'
    'REQUEST_SCHEME' => 'http'
    'CONTEXT_PREFIX' => ''
    'CONTEXT_DOCUMENT_ROOT' => 'C:/OSPanel/domains/localhost/web'
    'SERVER_ADMIN' => '[no address given]'
    'SCRIPT_FILENAME' => 'C:/OSPanel/domains/localhost/web/index.php'
    'REMOTE_PORT' => '56786'
    'REDIRECT_URL' => '/---'
    'GATEWAY_INTERFACE' => 'CGI/1.1'
    'SERVER_PROTOCOL' => 'HTTP/1.1'
    'REQUEST_METHOD' => 'GET'
    'QUERY_STRING' => ''
    'REQUEST_URI' => '/---'
    'SCRIPT_NAME' => '/index.php'
    'PHP_SELF' => '/index.php'
    'REQUEST_TIME_FLOAT' => 1674750532.7459
    'REQUEST_TIME' => 1674750532
]
2023-01-26 19:29:21 [-][-][-][error][yii\console\UnknownCommandException] yii\base\InvalidRouteException: Unable to resolve the request "mirgate". in C:\OSPanel\domains\localhost\vendor\yiisoft\yii2\base\Module.php:561
Stack trace:
#0 C:\OSPanel\domains\localhost\vendor\yiisoft\yii2\console\Application.php(180): yii\base\Module->runAction()
#1 C:\OSPanel\domains\localhost\vendor\yiisoft\yii2\console\Application.php(147): yii\console\Application->runAction()
#2 C:\OSPanel\domains\localhost\vendor\yiisoft\yii2\base\Application.php(384): yii\console\Application->handleRequest()
#3 C:\OSPanel\domains\localhost\yii(20): yii\base\Application->run()
#4 {main}

Next yii\console\UnknownCommandException: Unknown command "mirgate". in C:\OSPanel\domains\localhost\vendor\yiisoft\yii2\console\Application.php:183
Stack trace:
#0 C:\OSPanel\domains\localhost\vendor\yiisoft\yii2\console\Application.php(147): yii\console\Application->runAction()
#1 C:\OSPanel\domains\localhost\vendor\yiisoft\yii2\base\Application.php(384): yii\console\Application->handleRequest()
#2 C:\OSPanel\domains\localhost\yii(20): yii\base\Application->run()
#3 {main}
2023-01-26 19:29:20 [-][-][-][info][application] $_GET = []

$_POST = []

$_FILES = []

$_COOKIE = []

$_SERVER = [
    'ALLUSERSPROFILE' => 'C:\\ProgramData'
    'ANSICON' => '121x32766 (121x28)'
    'ANSICON_DEF' => '7'
    'APPDATA' => 'C:\\Users\\User\\AppData\\Roaming'
    'CommonProgramFiles' => 'C:\\Program Files\\Common Files'
    'CommonProgramFiles(x86)' => 'C:\\Program Files (x86)\\Common Files'
    'CommonProgramW6432' => 'C:\\Program Files\\Common Files'
    'COMPUTERNAME' => 'DESKTOP-ISNE5O8'
    'ComSpec' => 'C:\\Windows\\system32\\cmd.exe'
    'ConEmuANSI' => 'ON'
    'ConEmuAnsiLog' => ''
    'ConEmuArgs' => '/Single'
    'ConEmuArgs2' => ''
    'ConEmuBackHWND' => '0x00170530'
    'ConEmuBaseDir' => 'C:\\ospanel\\modules\\conemu\\ConEmu'
    'ConEmuBaseDirShort' => 'C:\\OSPanel\\modules\\conemu\\ConEmu'
    'ConEmuBuild' => '220807'
    'ConEmuCfgDir' => 'C:\\ospanel\\modules\\conemu'
    'ConEmuConfig' => ''
    'ConEmuDir' => 'C:\\ospanel\\modules\\conemu'
    'ConEmuDrawHWND' => '0x006F03CC'
    'ConEmuDrive' => 'C:'
    'ConEmuHooks' => 'Enabled'
    'ConEmuHWND' => '0x00480596'
    'ConEmuPalette' => '<ConEmu>'
    'ConEmuPID' => '6428'
    'ConEmuServerPID' => '4244'
    'ConEmuTask' => '{Shells::cmd}'
    'ConEmuWorkDir' => 'c:\\ospanel'
    'ConEmuWorkDrive' => 'c:'
    'FPS_BROWSER_APP_PROFILE_STRING' => 'Internet Explorer'
    'FPS_BROWSER_USER_PROFILE_STRING' => 'Default'
    'HOME' => 'c:\\ospanel'
    'HOMEDRIVE' => 'c:'
    'HOMEPATH' => '\\ospanel'
    'LOCALAPPDATA' => 'C:\\Users\\User\\AppData\\Local'
    'LOGONSERVER' => '\\\\DESKTOP-ISNE5O8'
    'NUMBER_OF_PROCESSORS' => '4'
    'OneDrive' => 'C:\\Users\\User\\OneDrive'
    'OPENSSL_CONF' => 'c:\\ospanel\\modules\\http\\Apache_2.4-PHP_8.0-8.1+Nginx_1.23\\conf\\openssl.cnf'
    'OS' => 'Windows_NT'
    'Path' => 'C:\\ospanel\\modules\\conemu;C:\\ospanel\\modules\\conemu\\ConEmu;c:\\ospanel\\modules\\php\\PHP_8.1\\ext;c:\\ospanel\\modules\\php\\PHP_8.1\\pear;c:\\ospanel\\modules\\php\\PHP_8.1\\pear\\bin;c:\\ospanel\\modules\\php\\PHP_8.1;c:\\ospanel\\modules\\wget\\bin;c:\\ospanel\\modules\\database\\MySQL-5.7-Win10\\bin;c:\\ospanel\\modules\\http\\Apache_2.4-PHP_8.0-8.1+Nginx_1.23\\bin;c:\\ospanel\\modules\\http\\Apache_2.4-PHP_8.0-8.1+Nginx_1.23;C:\\Windows\\system32;C:\\Windows;C:\\Windows\\system32\\Wbem;C:\\Windows\\SysWOW64'
    'PATHEXT' => '.COM;.EXE;.BAT;.CMD;.VBS;.VBE;.JS;.JSE;.WSF;.WSH;.MSC'
    'PHPBIN' => 'c:\\ospanel\\modules\\php\\PHP_8.1\\php.exe'
    'PHPDIR' => 'c:\\ospanel\\modules\\php\\PHP_8.1\\'
    'PHPRC' => 'c:\\ospanel\\modules\\php\\PHP_8.1'
    'PHP_BIN' => 'c:\\ospanel\\modules\\php\\PHP_8.1\\php.exe'
    'PHP_BINARY' => 'c:\\ospanel\\modules\\php\\PHP_8.1\\php.exe'
    'PHP_BINDIR' => 'c:\\ospanel\\modules\\php\\PHP_8.1\\'
    'PHP_COMMAND' => 'php.exe'
    'PHP_DIR' => 'c:\\ospanel\\modules\\php\\PHP_8.1\\'
    'PHP_INI' => 'c:\\ospanel\\modules\\php\\PHP_8.1\\php.ini'
    'PHP_PEAR_BIN_DIR' => 'c:\\ospanel\\modules\\php\\PHP_8.1\\PEAR'
    'PHP_PEAR_DATA_DIR' => 'c:\\ospanel\\modules\\php\\PHP_8.1\\PEAR\\data'
    'PHP_PEAR_DOC_DIR' => 'c:\\ospanel\\modules\\php\\PHP_8.1\\PEAR\\docs'
    'PHP_PEAR_INSTALL_DIR' => 'c:\\ospanel\\modules\\php\\PHP_8.1\\PEAR\\pear'
    'PHP_PEAR_PHP_BIN' => 'c:\\ospanel\\modules\\php\\PHP_8.1\\php.exe'
    'PHP_PEAR_SYSCONF_DIR' => 'c:\\ospanel\\modules\\php\\PHP_8.1\\PEAR'
    'PHP_PEAR_TEST_DIR' => 'c:\\ospanel\\modules\\php\\PHP_8.1\\PEAR\\tests'
    'PROCESSOR_ARCHITECTURE' => 'AMD64'
    'PROCESSOR_IDENTIFIER' => 'Intel64 Family 6 Model 78 Stepping 3, GenuineIntel'
    'PROCESSOR_LEVEL' => '6'
    'PROCESSOR_REVISION' => '4e03'
    'ProgramData' => 'C:\\ProgramData'
    'ProgramFiles' => 'C:\\Program Files'
    'ProgramFiles(x86)' => 'C:\\Program Files (x86)'
    'ProgramW6432' => 'C:\\Program Files'
    'PROMPT' => '$E[m$E[32m$E]9;8;\"USERNAME\"$E\\@$E]9;8;\"COMPUTERNAME\"$E\\$S$E[92m$P$E[90m$_$E[90m$$$E[m$S$E]9;12$E\\'
    'PSModulePath' => 'C:\\Program Files\\WindowsPowerShell\\Modules;C:\\Windows\\system32\\WindowsPowerShell\\v1.0\\Modules'
    'PUBLIC' => 'C:\\Users\\Public'
    'SESSIONNAME' => 'Console'
    'SystemDrive' => 'C:'
    'SystemRoot' => 'C:\\Windows'
    'TEMP' => 'c:\\ospanel\\userdata\\temp'
    'TMP' => 'c:\\ospanel\\userdata\\temp'
    'USERDOMAIN' => 'DESKTOP-ISNE5O8'
    'USERDOMAIN_ROAMINGPROFILE' => 'DESKTOP-ISNE5O8'
    'USERNAME' => 'User'
    'USERPROFILE' => 'C:\\Users\\User'
    'windir' => 'C:\\Windows'
    'YII_PATH' => 'c:\\OSPanel\\domains\\localhost\\'
    '__COMPAT_LAYER' => 'DetectorsWin8'
    'PHP_SELF' => 'c:\\OSPanel\\domains\\localhost\\yii'
    'SCRIPT_NAME' => 'c:\\OSPanel\\domains\\localhost\\yii'
    'SCRIPT_FILENAME' => 'c:\\OSPanel\\domains\\localhost\\yii'
    'PATH_TRANSLATED' => 'c:\\OSPanel\\domains\\localhost\\yii'
    'DOCUMENT_ROOT' => ''
    'REQUEST_TIME_FLOAT' => 1674750560.9817
    'REQUEST_TIME' => 1674750560
    'argv' => [
        0 => 'c:\\OSPanel\\domains\\localhost\\yii'
        1 => 'mirgate'
        2 => 'fresh'
    ]
    'argc' => 3
]
2023-01-27 12:07:01 [127.0.0.1][-][-][error][yii\web\HttpException:404] yii\web\NotFoundHttpException: Page not found. in C:\OSPanel\domains\localhost\vendor\yiisoft\yii2\web\Request.php:299
Stack trace:
#0 C:\OSPanel\domains\localhost\vendor\yiisoft\yii2\web\Application.php(82): yii\web\Request->resolve()
#1 C:\OSPanel\domains\localhost\vendor\yiisoft\yii2\base\Application.php(384): yii\web\Application->handleRequest()
#2 C:\OSPanel\domains\localhost\web\index.php(12): yii\base\Application->run()
#3 {main}
2023-01-27 12:07:00 [127.0.0.1][-][-][info][application] $_GET = []

$_POST = []

$_FILES = []

$_COOKIE = [
    '_csrf' => '47f34ada52b566bcee381ba2ada39084f5f7f2175bfe8978b5f57d9ce435ecb9a:2:{i:0;s:5:\"_csrf\";i:1;s:32:\"P97OAQxoKPvslbtb-kF5M5paKXLFmAnn\";}'
]

$_SERVER = [
    'REDIRECT_STATUS' => '200'
    'HTTP_HOST' => 'localhost'
    'HTTP_X_FORWARDED_PROTO' => 'http'
    'HTTP_X_REAL_IP' => '127.0.0.1'
    'HTTP_SEC_CH_UA' => '\"Not_A Brand\";v=\"99\", \"Google Chrome\";v=\"109\", \"Chromium\";v=\"109\"'
    'HTTP_SEC_CH_UA_MOBILE' => '?0'
    'HTTP_SEC_CH_UA_PLATFORM' => '\"Windows\"'
    'HTTP_UPGRADE_INSECURE_REQUESTS' => '1'
    'HTTP_DNT' => '1'
    'HTTP_USER_AGENT' => 'Mozilla/5.0 (Windows NT 10.0; Win64; x64) AppleWebKit/537.36 (KHTML, like Gecko) Chrome/109.0.0.0 Safari/537.36'
    'HTTP_ACCEPT' => 'text/html,application/xhtml+xml,application/xml;q=0.9,image/avif,image/webp,image/apng,*/*;q=0.8,application/signed-exchange;v=b3;q=0.9'
    'HTTP_SEC_FETCH_SITE' => 'same-origin'
    'HTTP_SEC_FETCH_MODE' => 'navigate'
    'HTTP_SEC_FETCH_USER' => '?1'
    'HTTP_SEC_FETCH_DEST' => 'document'
    'HTTP_REFERER' => 'http://localhost/'
    'HTTP_ACCEPT_ENCODING' => 'gzip, deflate, br'
    'HTTP_ACCEPT_LANGUAGE' => 'ru-RU,ru;q=0.9,en-US;q=0.8,en;q=0.7'
    'HTTP_COOKIE' => '_csrf=47f34ada52b566bcee381ba2ada39084f5f7f2175bfe8978b5f57d9ce435ecb9a%3A2%3A%7Bi%3A0%3Bs%3A5%3A%22_csrf%22%3Bi%3A1%3Bs%3A32%3A%22P97OAQxoKPvslbtb-kF5M5paKXLFmAnn%22%3B%7D'
    'PATH' => 'c:\\ospanel\\modules\\php\\PHP_8.1\\ext;c:\\ospanel\\modules\\php\\PHP_8.1\\pear;c:\\ospanel\\modules\\php\\PHP_8.1\\pear\\bin;c:\\ospanel\\modules\\php\\PHP_8.1;c:\\ospanel\\modules\\wget\\bin;c:\\ospanel\\modules\\database\\MySQL-5.7-Win10\\bin;c:\\ospanel\\modules\\http\\Apache_2.4-PHP_8.0-8.1+Nginx_1.23\\bin;c:\\ospanel\\modules\\http\\Apache_2.4-PHP_8.0-8.1+Nginx_1.23;C:\\Windows\\system32;C:\\Windows;C:\\Windows\\system32\\Wbem;C:\\Windows\\SysWOW64'
    'SystemRoot' => 'C:\\Windows'
    'COMSPEC' => 'C:\\Windows\\system32\\cmd.exe'
    'PATHEXT' => '.COM;.EXE;.BAT;.CMD;.VBS;.VBE;.JS;.JSE;.WSF;.WSH;.MSC'
    'WINDIR' => 'C:\\Windows'
    'SERVER_SIGNATURE' => ''
    'SERVER_SOFTWARE' => 'Apache'
    'SERVER_NAME' => 'localhost'
    'SERVER_ADDR' => '127.0.0.1'
    'SERVER_PORT' => '80'
    'REMOTE_ADDR' => '127.0.0.1'
    'DOCUMENT_ROOT' => 'C:/OSPanel/domains/localhost/web'
    'REQUEST_SCHEME' => 'http'
    'CONTEXT_PREFIX' => ''
    'CONTEXT_DOCUMENT_ROOT' => 'C:/OSPanel/domains/localhost/web'
    'SERVER_ADMIN' => '[no address given]'
    'SCRIPT_FILENAME' => 'C:/OSPanel/domains/localhost/web/index.php'
    'REMOTE_PORT' => '51125'
    'REDIRECT_URL' => '/cart'
    'GATEWAY_INTERFACE' => 'CGI/1.1'
    'SERVER_PROTOCOL' => 'HTTP/1.1'
    'REQUEST_METHOD' => 'GET'
    'QUERY_STRING' => ''
    'REQUEST_URI' => '/cart'
    'SCRIPT_NAME' => '/index.php'
    'PHP_SELF' => '/index.php'
    'REQUEST_TIME_FLOAT' => 1674810420.9656
    'REQUEST_TIME' => 1674810420
]
2023-01-27 15:07:56 [127.0.0.1][-][-][error][yii\web\HttpException:404] yii\web\NotFoundHttpException: Page not found. in C:\OSPanel\domains\localhost\vendor\yiisoft\yii2\web\Request.php:299
Stack trace:
#0 C:\OSPanel\domains\localhost\vendor\yiisoft\yii2\web\Application.php(82): yii\web\Request->resolve()
#1 C:\OSPanel\domains\localhost\vendor\yiisoft\yii2\base\Application.php(384): yii\web\Application->handleRequest()
#2 C:\OSPanel\domains\localhost\web\index.php(12): yii\base\Application->run()
#3 {main}
2023-01-27 15:07:56 [127.0.0.1][-][-][info][application] $_GET = []

$_POST = []

$_FILES = []

$_COOKIE = [
    '_csrf' => '47f34ada52b566bcee381ba2ada39084f5f7f2175bfe8978b5f57d9ce435ecb9a:2:{i:0;s:5:\"_csrf\";i:1;s:32:\"P97OAQxoKPvslbtb-kF5M5paKXLFmAnn\";}'
]

$_SERVER = [
    'REDIRECT_STATUS' => '200'
    'HTTP_HOST' => 'localhost'
    'HTTP_X_FORWARDED_PROTO' => 'http'
    'HTTP_X_REAL_IP' => '127.0.0.1'
    'HTTP_SEC_CH_UA' => '\"Not_A Brand\";v=\"99\", \"Google Chrome\";v=\"109\", \"Chromium\";v=\"109\"'
    'HTTP_SEC_CH_UA_MOBILE' => '?0'
    'HTTP_SEC_CH_UA_PLATFORM' => '\"Windows\"'
    'HTTP_UPGRADE_INSECURE_REQUESTS' => '1'
    'HTTP_DNT' => '1'
    'HTTP_USER_AGENT' => 'Mozilla/5.0 (Windows NT 10.0; Win64; x64) AppleWebKit/537.36 (KHTML, like Gecko) Chrome/109.0.0.0 Safari/537.36'
    'HTTP_ACCEPT' => 'text/html,application/xhtml+xml,application/xml;q=0.9,image/avif,image/webp,image/apng,*/*;q=0.8,application/signed-exchange;v=b3;q=0.9'
    'HTTP_SEC_FETCH_SITE' => 'same-origin'
    'HTTP_SEC_FETCH_MODE' => 'navigate'
    'HTTP_SEC_FETCH_USER' => '?1'
    'HTTP_SEC_FETCH_DEST' => 'document'
    'HTTP_REFERER' => 'http://localhost/'
    'HTTP_ACCEPT_ENCODING' => 'gzip, deflate, br'
    'HTTP_ACCEPT_LANGUAGE' => 'ru-RU,ru;q=0.9,en-US;q=0.8,en;q=0.7'
    'HTTP_COOKIE' => '_csrf=47f34ada52b566bcee381ba2ada39084f5f7f2175bfe8978b5f57d9ce435ecb9a%3A2%3A%7Bi%3A0%3Bs%3A5%3A%22_csrf%22%3Bi%3A1%3Bs%3A32%3A%22P97OAQxoKPvslbtb-kF5M5paKXLFmAnn%22%3B%7D'
    'PATH' => 'c:\\ospanel\\modules\\php\\PHP_8.1\\ext;c:\\ospanel\\modules\\php\\PHP_8.1\\pear;c:\\ospanel\\modules\\php\\PHP_8.1\\pear\\bin;c:\\ospanel\\modules\\php\\PHP_8.1;c:\\ospanel\\modules\\wget\\bin;c:\\ospanel\\modules\\database\\MySQL-5.7-Win10\\bin;c:\\ospanel\\modules\\http\\Apache_2.4-PHP_8.0-8.1+Nginx_1.23\\bin;c:\\ospanel\\modules\\http\\Apache_2.4-PHP_8.0-8.1+Nginx_1.23;C:\\Windows\\system32;C:\\Windows;C:\\Windows\\system32\\Wbem;C:\\Windows\\SysWOW64'
    'SystemRoot' => 'C:\\Windows'
    'COMSPEC' => 'C:\\Windows\\system32\\cmd.exe'
    'PATHEXT' => '.COM;.EXE;.BAT;.CMD;.VBS;.VBE;.JS;.JSE;.WSF;.WSH;.MSC'
    'WINDIR' => 'C:\\Windows'
    'SERVER_SIGNATURE' => ''
    'SERVER_SOFTWARE' => 'Apache'
    'SERVER_NAME' => 'localhost'
    'SERVER_ADDR' => '127.0.0.1'
    'SERVER_PORT' => '80'
    'REMOTE_ADDR' => '127.0.0.1'
    'DOCUMENT_ROOT' => 'C:/OSPanel/domains/localhost/web'
    'REQUEST_SCHEME' => 'http'
    'CONTEXT_PREFIX' => ''
    'CONTEXT_DOCUMENT_ROOT' => 'C:/OSPanel/domains/localhost/web'
    'SERVER_ADMIN' => '[no address given]'
    'SCRIPT_FILENAME' => 'C:/OSPanel/domains/localhost/web/index.php'
    'REMOTE_PORT' => '60893'
    'REDIRECT_URL' => '/cart'
    'GATEWAY_INTERFACE' => 'CGI/1.1'
    'SERVER_PROTOCOL' => 'HTTP/1.1'
    'REQUEST_METHOD' => 'GET'
    'QUERY_STRING' => ''
    'REQUEST_URI' => '/cart'
    'SCRIPT_NAME' => '/index.php'
    'PHP_SELF' => '/index.php'
    'REQUEST_TIME_FLOAT' => 1674821276.6511
    'REQUEST_TIME' => 1674821276
]
2023-01-27 17:50:12 [127.0.0.1][-][-][error][yii\web\HttpException:404] yii\web\NotFoundHttpException: Page not found. in C:\OSPanel\domains\localhost\vendor\yiisoft\yii2\web\Request.php:299
Stack trace:
#0 C:\OSPanel\domains\localhost\vendor\yiisoft\yii2\web\Application.php(82): yii\web\Request->resolve()
#1 C:\OSPanel\domains\localhost\vendor\yiisoft\yii2\base\Application.php(384): yii\web\Application->handleRequest()
#2 C:\OSPanel\domains\localhost\web\index.php(12): yii\base\Application->run()
#3 {main}
2023-01-27 17:50:11 [127.0.0.1][-][-][info][application] $_GET = []

$_POST = []

$_FILES = []

$_COOKIE = [
    '_csrf' => '47f34ada52b566bcee381ba2ada39084f5f7f2175bfe8978b5f57d9ce435ecb9a:2:{i:0;s:5:\"_csrf\";i:1;s:32:\"P97OAQxoKPvslbtb-kF5M5paKXLFmAnn\";}'
]

$_SERVER = [
    'REDIRECT_STATUS' => '200'
    'HTTP_HOST' => 'localhost'
    'HTTP_X_FORWARDED_PROTO' => 'http'
    'HTTP_X_REAL_IP' => '127.0.0.1'
    'HTTP_PRAGMA' => 'no-cache'
    'HTTP_CACHE_CONTROL' => 'no-cache'
    'HTTP_SEC_CH_UA' => '\"Not_A Brand\";v=\"99\", \"Google Chrome\";v=\"109\", \"Chromium\";v=\"109\"'
    'HTTP_DNT' => '1'
    'HTTP_SEC_CH_UA_MOBILE' => '?0'
    'HTTP_USER_AGENT' => 'Mozilla/5.0 (Windows NT 10.0; Win64; x64) AppleWebKit/537.36 (KHTML, like Gecko) Chrome/109.0.0.0 Safari/537.36'
    'HTTP_SEC_CH_UA_PLATFORM' => '\"Windows\"'
    'HTTP_ACCEPT' => 'text/css,*/*;q=0.1'
    'HTTP_SEC_FETCH_SITE' => 'same-origin'
    'HTTP_SEC_FETCH_MODE' => 'no-cors'
    'HTTP_SEC_FETCH_DEST' => 'style'
    'HTTP_REFERER' => 'http://localhost/cart'
    'HTTP_ACCEPT_ENCODING' => 'gzip, deflate, br'
    'HTTP_ACCEPT_LANGUAGE' => 'ru-RU,ru;q=0.9,en-US;q=0.8,en;q=0.7'
    'HTTP_COOKIE' => '_csrf=47f34ada52b566bcee381ba2ada39084f5f7f2175bfe8978b5f57d9ce435ecb9a%3A2%3A%7Bi%3A0%3Bs%3A5%3A%22_csrf%22%3Bi%3A1%3Bs%3A32%3A%22P97OAQxoKPvslbtb-kF5M5paKXLFmAnn%22%3B%7D'
    'PATH' => 'c:\\ospanel\\modules\\php\\PHP_8.1\\ext;c:\\ospanel\\modules\\php\\PHP_8.1\\pear;c:\\ospanel\\modules\\php\\PHP_8.1\\pear\\bin;c:\\ospanel\\modules\\php\\PHP_8.1;c:\\ospanel\\modules\\wget\\bin;c:\\ospanel\\modules\\database\\MySQL-5.7-Win10\\bin;c:\\ospanel\\modules\\http\\Apache_2.4-PHP_8.0-8.1+Nginx_1.23\\bin;c:\\ospanel\\modules\\http\\Apache_2.4-PHP_8.0-8.1+Nginx_1.23;C:\\Windows\\system32;C:\\Windows;C:\\Windows\\system32\\Wbem;C:\\Windows\\SysWOW64'
    'SystemRoot' => 'C:\\Windows'
    'COMSPEC' => 'C:\\Windows\\system32\\cmd.exe'
    'PATHEXT' => '.COM;.EXE;.BAT;.CMD;.VBS;.VBE;.JS;.JSE;.WSF;.WSH;.MSC'
    'WINDIR' => 'C:\\Windows'
    'SERVER_SIGNATURE' => ''
    'SERVER_SOFTWARE' => 'Apache'
    'SERVER_NAME' => 'localhost'
    'SERVER_ADDR' => '127.0.0.1'
    'SERVER_PORT' => '80'
    'REMOTE_ADDR' => '127.0.0.1'
    'DOCUMENT_ROOT' => 'C:/OSPanel/domains/localhost/web'
    'REQUEST_SCHEME' => 'http'
    'CONTEXT_PREFIX' => ''
    'CONTEXT_DOCUMENT_ROOT' => 'C:/OSPanel/domains/localhost/web'
    'SERVER_ADMIN' => '[no address given]'
    'SCRIPT_FILENAME' => 'C:/OSPanel/domains/localhost/web/index.php'
    'REMOTE_PORT' => '62863'
    'REDIRECT_URL' => '/css/main-container'
    'GATEWAY_INTERFACE' => 'CGI/1.1'
    'SERVER_PROTOCOL' => 'HTTP/1.1'
    'REQUEST_METHOD' => 'GET'
    'QUERY_STRING' => ''
    'REQUEST_URI' => '/css/main-container'
    'SCRIPT_NAME' => '/index.php'
    'PHP_SELF' => '/index.php'
    'REQUEST_TIME_FLOAT' => 1674831011.9482
    'REQUEST_TIME' => 1674831011
]
2023-01-27 17:50:17 [127.0.0.1][-][-][error][yii\web\HttpException:404] yii\web\NotFoundHttpException: Page not found. in C:\OSPanel\domains\localhost\vendor\yiisoft\yii2\web\Request.php:299
Stack trace:
#0 C:\OSPanel\domains\localhost\vendor\yiisoft\yii2\web\Application.php(82): yii\web\Request->resolve()
#1 C:\OSPanel\domains\localhost\vendor\yiisoft\yii2\base\Application.php(384): yii\web\Application->handleRequest()
#2 C:\OSPanel\domains\localhost\web\index.php(12): yii\base\Application->run()
#3 {main}
2023-01-27 17:50:17 [127.0.0.1][-][-][info][application] $_GET = []

$_POST = []

$_FILES = []

$_COOKIE = [
    '_csrf' => '47f34ada52b566bcee381ba2ada39084f5f7f2175bfe8978b5f57d9ce435ecb9a:2:{i:0;s:5:\"_csrf\";i:1;s:32:\"P97OAQxoKPvslbtb-kF5M5paKXLFmAnn\";}'
]

$_SERVER = [
    'REDIRECT_STATUS' => '200'
    'HTTP_HOST' => 'localhost'
    'HTTP_X_FORWARDED_PROTO' => 'http'
    'HTTP_X_REAL_IP' => '127.0.0.1'
    'HTTP_PRAGMA' => 'no-cache'
    'HTTP_CACHE_CONTROL' => 'no-cache'
    'HTTP_SEC_CH_UA' => '\"Not_A Brand\";v=\"99\", \"Google Chrome\";v=\"109\", \"Chromium\";v=\"109\"'
    'HTTP_DNT' => '1'
    'HTTP_SEC_CH_UA_MOBILE' => '?0'
    'HTTP_USER_AGENT' => 'Mozilla/5.0 (Windows NT 10.0; Win64; x64) AppleWebKit/537.36 (KHTML, like Gecko) Chrome/109.0.0.0 Safari/537.36'
    'HTTP_SEC_CH_UA_PLATFORM' => '\"Windows\"'
    'HTTP_ACCEPT' => 'text/css,*/*;q=0.1'
    'HTTP_SEC_FETCH_SITE' => 'same-origin'
    'HTTP_SEC_FETCH_MODE' => 'no-cors'
    'HTTP_SEC_FETCH_DEST' => 'style'
    'HTTP_REFERER' => 'http://localhost/cart'
    'HTTP_ACCEPT_ENCODING' => 'gzip, deflate, br'
    'HTTP_ACCEPT_LANGUAGE' => 'ru-RU,ru;q=0.9,en-US;q=0.8,en;q=0.7'
    'HTTP_COOKIE' => '_csrf=47f34ada52b566bcee381ba2ada39084f5f7f2175bfe8978b5f57d9ce435ecb9a%3A2%3A%7Bi%3A0%3Bs%3A5%3A%22_csrf%22%3Bi%3A1%3Bs%3A32%3A%22P97OAQxoKPvslbtb-kF5M5paKXLFmAnn%22%3B%7D'
    'PATH' => 'c:\\ospanel\\modules\\php\\PHP_8.1\\ext;c:\\ospanel\\modules\\php\\PHP_8.1\\pear;c:\\ospanel\\modules\\php\\PHP_8.1\\pear\\bin;c:\\ospanel\\modules\\php\\PHP_8.1;c:\\ospanel\\modules\\wget\\bin;c:\\ospanel\\modules\\database\\MySQL-5.7-Win10\\bin;c:\\ospanel\\modules\\http\\Apache_2.4-PHP_8.0-8.1+Nginx_1.23\\bin;c:\\ospanel\\modules\\http\\Apache_2.4-PHP_8.0-8.1+Nginx_1.23;C:\\Windows\\system32;C:\\Windows;C:\\Windows\\system32\\Wbem;C:\\Windows\\SysWOW64'
    'SystemRoot' => 'C:\\Windows'
    'COMSPEC' => 'C:\\Windows\\system32\\cmd.exe'
    'PATHEXT' => '.COM;.EXE;.BAT;.CMD;.VBS;.VBE;.JS;.JSE;.WSF;.WSH;.MSC'
    'WINDIR' => 'C:\\Windows'
    'SERVER_SIGNATURE' => ''
    'SERVER_SOFTWARE' => 'Apache'
    'SERVER_NAME' => 'localhost'
    'SERVER_ADDR' => '127.0.0.1'
    'SERVER_PORT' => '80'
    'REMOTE_ADDR' => '127.0.0.1'
    'DOCUMENT_ROOT' => 'C:/OSPanel/domains/localhost/web'
    'REQUEST_SCHEME' => 'http'
    'CONTEXT_PREFIX' => ''
    'CONTEXT_DOCUMENT_ROOT' => 'C:/OSPanel/domains/localhost/web'
    'SERVER_ADMIN' => '[no address given]'
    'SCRIPT_FILENAME' => 'C:/OSPanel/domains/localhost/web/index.php'
    'REMOTE_PORT' => '62870'
    'REDIRECT_URL' => '/css/main-container'
    'GATEWAY_INTERFACE' => 'CGI/1.1'
    'SERVER_PROTOCOL' => 'HTTP/1.1'
    'REQUEST_METHOD' => 'GET'
    'QUERY_STRING' => ''
    'REQUEST_URI' => '/css/main-container'
    'SCRIPT_NAME' => '/index.php'
    'PHP_SELF' => '/index.php'
    'REQUEST_TIME_FLOAT' => 1674831017.8995
    'REQUEST_TIME' => 1674831017
]
2023-01-27 17:50:20 [127.0.0.1][-][-][error][yii\web\HttpException:404] yii\web\NotFoundHttpException: Page not found. in C:\OSPanel\domains\localhost\vendor\yiisoft\yii2\web\Request.php:299
Stack trace:
#0 C:\OSPanel\domains\localhost\vendor\yiisoft\yii2\web\Application.php(82): yii\web\Request->resolve()
#1 C:\OSPanel\domains\localhost\vendor\yiisoft\yii2\base\Application.php(384): yii\web\Application->handleRequest()
#2 C:\OSPanel\domains\localhost\web\index.php(12): yii\base\Application->run()
#3 {main}
2023-01-27 17:50:20 [127.0.0.1][-][-][info][application] $_GET = []

$_POST = []

$_FILES = []

$_COOKIE = [
    '_csrf' => '47f34ada52b566bcee381ba2ada39084f5f7f2175bfe8978b5f57d9ce435ecb9a:2:{i:0;s:5:\"_csrf\";i:1;s:32:\"P97OAQxoKPvslbtb-kF5M5paKXLFmAnn\";}'
]

$_SERVER = [
    'REDIRECT_STATUS' => '200'
    'HTTP_HOST' => 'localhost'
    'HTTP_X_FORWARDED_PROTO' => 'http'
    'HTTP_X_REAL_IP' => '127.0.0.1'
    'HTTP_SEC_CH_UA' => '\"Not_A Brand\";v=\"99\", \"Google Chrome\";v=\"109\", \"Chromium\";v=\"109\"'
    'HTTP_DNT' => '1'
    'HTTP_SEC_CH_UA_MOBILE' => '?0'
    'HTTP_USER_AGENT' => 'Mozilla/5.0 (Windows NT 10.0; Win64; x64) AppleWebKit/537.36 (KHTML, like Gecko) Chrome/109.0.0.0 Safari/537.36'
    'HTTP_SEC_CH_UA_PLATFORM' => '\"Windows\"'
    'HTTP_ACCEPT' => 'text/css,*/*;q=0.1'
    'HTTP_SEC_FETCH_SITE' => 'same-origin'
    'HTTP_SEC_FETCH_MODE' => 'no-cors'
    'HTTP_SEC_FETCH_DEST' => 'style'
    'HTTP_REFERER' => 'http://localhost/cart'
    'HTTP_ACCEPT_ENCODING' => 'gzip, deflate, br'
    'HTTP_ACCEPT_LANGUAGE' => 'ru-RU,ru;q=0.9,en-US;q=0.8,en;q=0.7'
    'HTTP_COOKIE' => '_csrf=47f34ada52b566bcee381ba2ada39084f5f7f2175bfe8978b5f57d9ce435ecb9a%3A2%3A%7Bi%3A0%3Bs%3A5%3A%22_csrf%22%3Bi%3A1%3Bs%3A32%3A%22P97OAQxoKPvslbtb-kF5M5paKXLFmAnn%22%3B%7D'
    'PATH' => 'c:\\ospanel\\modules\\php\\PHP_8.1\\ext;c:\\ospanel\\modules\\php\\PHP_8.1\\pear;c:\\ospanel\\modules\\php\\PHP_8.1\\pear\\bin;c:\\ospanel\\modules\\php\\PHP_8.1;c:\\ospanel\\modules\\wget\\bin;c:\\ospanel\\modules\\database\\MySQL-5.7-Win10\\bin;c:\\ospanel\\modules\\http\\Apache_2.4-PHP_8.0-8.1+Nginx_1.23\\bin;c:\\ospanel\\modules\\http\\Apache_2.4-PHP_8.0-8.1+Nginx_1.23;C:\\Windows\\system32;C:\\Windows;C:\\Windows\\system32\\Wbem;C:\\Windows\\SysWOW64'
    'SystemRoot' => 'C:\\Windows'
    'COMSPEC' => 'C:\\Windows\\system32\\cmd.exe'
    'PATHEXT' => '.COM;.EXE;.BAT;.CMD;.VBS;.VBE;.JS;.JSE;.WSF;.WSH;.MSC'
    'WINDIR' => 'C:\\Windows'
    'SERVER_SIGNATURE' => ''
    'SERVER_SOFTWARE' => 'Apache'
    'SERVER_NAME' => 'localhost'
    'SERVER_ADDR' => '127.0.0.1'
    'SERVER_PORT' => '80'
    'REMOTE_ADDR' => '127.0.0.1'
    'DOCUMENT_ROOT' => 'C:/OSPanel/domains/localhost/web'
    'REQUEST_SCHEME' => 'http'
    'CONTEXT_PREFIX' => ''
    'CONTEXT_DOCUMENT_ROOT' => 'C:/OSPanel/domains/localhost/web'
    'SERVER_ADMIN' => '[no address given]'
    'SCRIPT_FILENAME' => 'C:/OSPanel/domains/localhost/web/index.php'
    'REMOTE_PORT' => '62872'
    'REDIRECT_URL' => '/css/main-container'
    'GATEWAY_INTERFACE' => 'CGI/1.1'
    'SERVER_PROTOCOL' => 'HTTP/1.1'
    'REQUEST_METHOD' => 'GET'
    'QUERY_STRING' => ''
    'REQUEST_URI' => '/css/main-container'
    'SCRIPT_NAME' => '/index.php'
    'PHP_SELF' => '/index.php'
    'REQUEST_TIME_FLOAT' => 1674831020.5501
    'REQUEST_TIME' => 1674831020
]
2023-01-27 17:50:59 [127.0.0.1][-][-][error][yii\web\HttpException:404] yii\web\NotFoundHttpException: Page not found. in C:\OSPanel\domains\localhost\vendor\yiisoft\yii2\web\Request.php:299
Stack trace:
#0 C:\OSPanel\domains\localhost\vendor\yiisoft\yii2\web\Application.php(82): yii\web\Request->resolve()
#1 C:\OSPanel\domains\localhost\vendor\yiisoft\yii2\base\Application.php(384): yii\web\Application->handleRequest()
#2 C:\OSPanel\domains\localhost\web\index.php(12): yii\base\Application->run()
#3 {main}
2023-01-27 17:50:59 [127.0.0.1][-][-][info][application] $_GET = []

$_POST = []

$_FILES = []

$_COOKIE = [
    '_csrf' => '47f34ada52b566bcee381ba2ada39084f5f7f2175bfe8978b5f57d9ce435ecb9a:2:{i:0;s:5:\"_csrf\";i:1;s:32:\"P97OAQxoKPvslbtb-kF5M5paKXLFmAnn\";}'
]

$_SERVER = [
    'REDIRECT_STATUS' => '200'
    'HTTP_HOST' => 'localhost'
    'HTTP_X_FORWARDED_PROTO' => 'http'
    'HTTP_X_REAL_IP' => '127.0.0.1'
    'HTTP_SEC_CH_UA' => '\"Not_A Brand\";v=\"99\", \"Google Chrome\";v=\"109\", \"Chromium\";v=\"109\"'
    'HTTP_SEC_CH_UA_MOBILE' => '?0'
    'HTTP_SEC_CH_UA_PLATFORM' => '\"Windows\"'
    'HTTP_DNT' => '1'
    'HTTP_UPGRADE_INSECURE_REQUESTS' => '1'
    'HTTP_USER_AGENT' => 'Mozilla/5.0 (Windows NT 10.0; Win64; x64) AppleWebKit/537.36 (KHTML, like Gecko) Chrome/109.0.0.0 Safari/537.36'
    'HTTP_ACCEPT' => 'text/html,application/xhtml+xml,application/xml;q=0.9,image/avif,image/webp,image/apng,*/*;q=0.8,application/signed-exchange;v=b3;q=0.9'
    'HTTP_SEC_FETCH_SITE' => 'none'
    'HTTP_SEC_FETCH_MODE' => 'navigate'
    'HTTP_SEC_FETCH_USER' => '?1'
    'HTTP_SEC_FETCH_DEST' => 'document'
    'HTTP_ACCEPT_ENCODING' => 'gzip, deflate, br'
    'HTTP_ACCEPT_LANGUAGE' => 'ru-RU,ru;q=0.9,en-US;q=0.8,en;q=0.7'
    'HTTP_COOKIE' => '_csrf=47f34ada52b566bcee381ba2ada39084f5f7f2175bfe8978b5f57d9ce435ecb9a%3A2%3A%7Bi%3A0%3Bs%3A5%3A%22_csrf%22%3Bi%3A1%3Bs%3A32%3A%22P97OAQxoKPvslbtb-kF5M5paKXLFmAnn%22%3B%7D'
    'PATH' => 'c:\\ospanel\\modules\\php\\PHP_8.1\\ext;c:\\ospanel\\modules\\php\\PHP_8.1\\pear;c:\\ospanel\\modules\\php\\PHP_8.1\\pear\\bin;c:\\ospanel\\modules\\php\\PHP_8.1;c:\\ospanel\\modules\\wget\\bin;c:\\ospanel\\modules\\database\\MySQL-5.7-Win10\\bin;c:\\ospanel\\modules\\http\\Apache_2.4-PHP_8.0-8.1+Nginx_1.23\\bin;c:\\ospanel\\modules\\http\\Apache_2.4-PHP_8.0-8.1+Nginx_1.23;C:\\Windows\\system32;C:\\Windows;C:\\Windows\\system32\\Wbem;C:\\Windows\\SysWOW64'
    'SystemRoot' => 'C:\\Windows'
    'COMSPEC' => 'C:\\Windows\\system32\\cmd.exe'
    'PATHEXT' => '.COM;.EXE;.BAT;.CMD;.VBS;.VBE;.JS;.JSE;.WSF;.WSH;.MSC'
    'WINDIR' => 'C:\\Windows'
    'SERVER_SIGNATURE' => ''
    'SERVER_SOFTWARE' => 'Apache'
    'SERVER_NAME' => 'localhost'
    'SERVER_ADDR' => '127.0.0.1'
    'SERVER_PORT' => '80'
    'REMOTE_ADDR' => '127.0.0.1'
    'DOCUMENT_ROOT' => 'C:/OSPanel/domains/localhost/web'
    'REQUEST_SCHEME' => 'http'
    'CONTEXT_PREFIX' => ''
    'CONTEXT_DOCUMENT_ROOT' => 'C:/OSPanel/domains/localhost/web'
    'SERVER_ADMIN' => '[no address given]'
    'SCRIPT_FILENAME' => 'C:/OSPanel/domains/localhost/web/index.php'
    'REMOTE_PORT' => '62907'
    'REDIRECT_URL' => '/css/main-container'
    'GATEWAY_INTERFACE' => 'CGI/1.1'
    'SERVER_PROTOCOL' => 'HTTP/1.1'
    'REQUEST_METHOD' => 'GET'
    'QUERY_STRING' => ''
    'REQUEST_URI' => '/css/main-container'
    'SCRIPT_NAME' => '/index.php'
    'PHP_SELF' => '/index.php'
    'REQUEST_TIME_FLOAT' => 1674831059.698
    'REQUEST_TIME' => 1674831059
]
